<?xml version="1.0" encoding="UTF-8"?>
<!-- Generated by org.testng.reporters.JUnitReportReporter -->
<testsuite hostname="LAPTOP-70DU7D91" failures="0" tests="1" name="multiplication.TC_1" time="6.908" errors="0" timestamp="2021-11-17T17:11:29 IST" skipped="0">
  <testcase classname="multiplication.TC_1" name="f" time="6.908"/>
  <system-out/>
</testsuite> <!-- multiplication.TC_1 -->
