<?xml version="1.0" encoding="UTF-8"?>
<!-- Generated by org.testng.reporters.JUnitReportReporter -->
<testsuite hostname="LAPTOP-70DU7D91" failures="0" tests="1" name="division.TC_1" time="7.784" errors="0" timestamp="2021-11-18T18:36:44 IST" skipped="0">
  <testcase classname="division.TC_1" name="f" time="7.784"/>
  <system-out/>
</testsuite> <!-- division.TC_1 -->
